2015/01/29 08:12:54 [error] [exception.CHttpException.403] exception 'CHttpException' with message 'You are not allowed to access this page.' in D:\xampp\htdocs\yii\framework\gii\GiiModule.php:170
Stack trace:
#0 D:\xampp\htdocs\yii\framework\web\CController.php(263): GiiModule->beforeControllerAction(Object(DefaultController), Object(CInlineAction))
#1 D:\xampp\htdocs\yii\framework\web\CWebApplication.php(282): CController->run('index')
#2 D:\xampp\htdocs\yii\framework\web\CWebApplication.php(141): CWebApplication->runController('gii/default/ind...')
#3 D:\xampp\htdocs\yii\framework\base\CApplication.php(180): CWebApplication->processRequest()
#4 D:\xampp\htdocs\yiiproject\index.php(13): CApplication->run()
#5 {main}
REQUEST_URI=/yiiproject/gii/default/index
---
2015/01/29 08:12:58 [error] [exception.CHttpException.403] exception 'CHttpException' with message 'You are not allowed to access this page.' in D:\xampp\htdocs\yii\framework\gii\GiiModule.php:170
Stack trace:
#0 D:\xampp\htdocs\yii\framework\web\CController.php(263): GiiModule->beforeControllerAction(Object(DefaultController), Object(CInlineAction))
#1 D:\xampp\htdocs\yii\framework\web\CWebApplication.php(282): CController->run('')
#2 D:\xampp\htdocs\yii\framework\web\CWebApplication.php(141): CWebApplication->runController('gii')
#3 D:\xampp\htdocs\yii\framework\base\CApplication.php(180): CWebApplication->processRequest()
#4 D:\xampp\htdocs\yiiproject\index.php(13): CApplication->run()
#5 {main}
REQUEST_URI=/yiiproject/gii
---
2015/01/29 08:12:59 [error] [exception.CHttpException.403] exception 'CHttpException' with message 'You are not allowed to access this page.' in D:\xampp\htdocs\yii\framework\gii\GiiModule.php:170
Stack trace:
#0 D:\xampp\htdocs\yii\framework\web\CController.php(263): GiiModule->beforeControllerAction(Object(DefaultController), Object(CInlineAction))
#1 D:\xampp\htdocs\yii\framework\web\CWebApplication.php(282): CController->run('')
#2 D:\xampp\htdocs\yii\framework\web\CWebApplication.php(141): CWebApplication->runController('gii')
#3 D:\xampp\htdocs\yii\framework\base\CApplication.php(180): CWebApplication->processRequest()
#4 D:\xampp\htdocs\yiiproject\index.php(13): CApplication->run()
#5 {main}
REQUEST_URI=/yiiproject/gii
---
2015/01/29 08:31:24 [error] [exception.CException] exception 'CException' with message 'Property "CWebApplication.param" is not defined.' in D:\xampp\htdocs\yii\framework\base\CComponent.php:130
Stack trace:
#0 D:\xampp\htdocs\yii\framework\base\CModule.php(105): CComponent->__get('param')
#1 D:\xampp\htdocs\yiiproject\protected\controllers\SiteController.php(29): CModule->__get('param')
#2 D:\xampp\htdocs\yii\framework\web\actions\CInlineAction.php(49): SiteController->actionIndex()
#3 D:\xampp\htdocs\yii\framework\web\CController.php(308): CInlineAction->runWithParams(Array)
#4 D:\xampp\htdocs\yii\framework\web\CController.php(286): CController->runAction(Object(CInlineAction))
#5 D:\xampp\htdocs\yii\framework\web\CController.php(265): CController->runActionWithFilters(Object(CInlineAction), Array)
#6 D:\xampp\htdocs\yii\framework\web\CWebApplication.php(282): CController->run('')
#7 D:\xampp\htdocs\yii\framework\web\CWebApplication.php(141): CWebApplication->runController('')
#8 D:\xampp\htdocs\yii\framework\base\CApplication.php(180): CWebApplication->processRequest()
#9 D:\xampp\htdocs\yiiproject\index.php(13): CApplication->run()
#10 {main}
REQUEST_URI=/yiiproject/
---
